<?xml version="1.0" encoding="UTF-8"?>
<!-- Generated by org.testng.reporters.JUnitReportReporter -->
<testsuite hostname="GatedONTech-PC" name="testcase.Login" tests="1" failures="0" timestamp="19 Jul 2019 09:36:02 GMT" time="33.737" errors="0">
  <testcase name="log" time="33.737" classname="testcase.Login"/>
</testsuite> <!-- testcase.Login -->
