<?xml version="1.0" encoding="UTF-8"?>
<!-- Generated by org.testng.reporters.JUnitReportReporter -->
<testsuite hostname="GatedONTech-PC" name="testcase.Admin" tests="11" failures="0" timestamp="25 Jul 2019 07:42:11 GMT" time="22.029" errors="0">
  <testcase name="Events" time="1.920" classname="testcase.Admin"/>
  <testcase name="Principal" time="1.894" classname="testcase.Admin"/>
  <testcase name="Courses" time="2.126" classname="testcase.Admin"/>
  <testcase name="Department" time="1.679" classname="testcase.Admin"/>
  <testcase name="Faculty" time="1.583" classname="testcase.Admin"/>
  <testcase name="Cms" time="1.788" classname="testcase.Admin"/>
  <testcase name="Gallery" time="1.708" classname="testcase.Admin"/>
  <testcase name="Banner" time="3.155" classname="testcase.Admin"/>
  <testcase name="Announcement" time="1.922" classname="testcase.Admin"/>
  <testcase name="Adminp" time="2.314" classname="testcase.Admin"/>
  <testcase name="Testimonials" time="1.940" classname="testcase.Admin"/>
</testsuite> <!-- testcase.Admin -->
